This is pdfTeX, Version 3.1415926-2.6-1.40.14 (TeX Live 2014/dev) (format=pdflatex 2014.7.16)  3 DEC 2014 23:53
entering extended mode
 restricted \write18 enabled.
 %&-line parsing enabled.
**report.tex
(./report.tex
LaTeX2e <2011/06/27>
Babel <3.9h> and hyphenation patterns for 3 languages loaded.
(/usr/share/texlive/texmf-dist/tex/latex/base/article.cls
Document Class: article 2007/10/19 v1.4h Standard LaTeX document class
(/usr/share/texlive/texmf-dist/tex/latex/base/size10.clo
File: size10.clo 2007/10/19 v1.4h Standard LaTeX file (size option)
)
\c@part=\count79
\c@section=\count80
\c@subsection=\count81
\c@subsubsection=\count82
\c@paragraph=\count83
\c@subparagraph=\count84
\c@figure=\count85
\c@table=\count86
\abovecaptionskip=\skip41
\belowcaptionskip=\skip42
\bibindent=\dimen102
)
(/usr/share/texlive/texmf-dist/tex/latex/amscls/amsthm.sty
Package: amsthm 2004/08/06 v2.20
\thm@style=\toks14
\thm@bodyfont=\toks15
\thm@headfont=\toks16
\thm@notefont=\toks17
\thm@headpunct=\toks18
\thm@preskip=\skip43
\thm@postskip=\skip44
\thm@headsep=\skip45
\dth@everypar=\toks19
)
(/usr/share/texlive/texmf-dist/tex/latex/amsfonts/amssymb.sty
Package: amssymb 2013/01/14 v3.01 AMS font symbols

(/usr/share/texlive/texmf-dist/tex/latex/amsfonts/amsfonts.sty
Package: amsfonts 2013/01/14 v3.01 Basic AMSFonts support
\@emptytoks=\toks20
\symAMSa=\mathgroup4
\symAMSb=\mathgroup5
LaTeX Font Info:    Overwriting math alphabet `\mathfrak' in version `bold'
(Font)                  U/euf/m/n --> U/euf/b/n on input line 106.
))
(/usr/share/texlive/texmf-dist/tex/latex/amsmath/amsmath.sty
Package: amsmath 2013/01/14 v2.14 AMS math features
\@mathmargin=\skip46

For additional information on amsmath, use the `?' option.
(/usr/share/texlive/texmf-dist/tex/latex/amsmath/amstext.sty
Package: amstext 2000/06/29 v2.01

(/usr/share/texlive/texmf-dist/tex/latex/amsmath/amsgen.sty
File: amsgen.sty 1999/11/30 v2.0
\@emptytoks=\toks21
\ex@=\dimen103
))
(/usr/share/texlive/texmf-dist/tex/latex/amsmath/amsbsy.sty
Package: amsbsy 1999/11/29 v1.2d
\pmbraise@=\dimen104
)
(/usr/share/texlive/texmf-dist/tex/latex/amsmath/amsopn.sty
Package: amsopn 1999/12/14 v2.01 operator names
)
\inf@bad=\count87
LaTeX Info: Redefining \frac on input line 210.
\uproot@=\count88
\leftroot@=\count89
LaTeX Info: Redefining \overline on input line 306.
\classnum@=\count90
\DOTSCASE@=\count91
LaTeX Info: Redefining \ldots on input line 378.
LaTeX Info: Redefining \dots on input line 381.
LaTeX Info: Redefining \cdots on input line 466.
\Mathstrutbox@=\box26
\strutbox@=\box27
\big@size=\dimen105
LaTeX Font Info:    Redeclaring font encoding OML on input line 566.
LaTeX Font Info:    Redeclaring font encoding OMS on input line 567.
\macc@depth=\count92
\c@MaxMatrixCols=\count93
\dotsspace@=\muskip10
\c@parentequation=\count94
\dspbrk@lvl=\count95
\tag@help=\toks22
\row@=\count96
\column@=\count97
\maxfields@=\count98
\andhelp@=\toks23
\eqnshift@=\dimen106
\alignsep@=\dimen107
\tagshift@=\dimen108
\tagwidth@=\dimen109
\totwidth@=\dimen110
\lineht@=\dimen111
\@envbody=\toks24
\multlinegap=\skip47
\multlinetaggap=\skip48
\mathdisplay@stack=\toks25
LaTeX Info: Redefining \[ on input line 2665.
LaTeX Info: Redefining \] on input line 2666.
)
(/usr/share/texlive/texmf-dist/tex/latex/mh/mathtools.sty
Package: mathtools 2013/02/12 v1.13 mathematical typesetting tools

(/usr/share/texlive/texmf-dist/tex/latex/graphics/keyval.sty
Package: keyval 1999/03/16 v1.13 key=value parser (DPC)
\KV@toks@=\toks26
)
(/usr/share/texlive/texmf-dist/tex/latex/tools/calc.sty
Package: calc 2007/08/22 v4.3 Infix arithmetic (KKT,FJ)
\calc@Acount=\count99
\calc@Bcount=\count100
\calc@Adimen=\dimen112
\calc@Bdimen=\dimen113
\calc@Askip=\skip49
\calc@Bskip=\skip50
LaTeX Info: Redefining \setlength on input line 76.
LaTeX Info: Redefining \addtolength on input line 77.
\calc@Ccount=\count101
\calc@Cskip=\skip51
)
(/usr/share/texlive/texmf-dist/tex/latex/mh/mhsetup.sty
Package: mhsetup 2010/01/21 v1.2a programming setup (MH)
)
LaTeX Info: Thecontrolsequence`\['isalreadyrobust on input line 129.
LaTeX Info: Thecontrolsequence`\]'isalreadyrobust on input line 129.
\g_MT_multlinerow_int=\count102
\l_MT_multwidth_dim=\dimen114
\origjot=\skip52
\l_MT_shortvdotswithinadjustabove_dim=\dimen115
\l_MT_shortvdotswithinadjustbelow_dim=\dimen116
\l_MT_above_intertext_sep=\dimen117
\l_MT_below_intertext_sep=\dimen118
\l_MT_above_shortintertext_sep=\dimen119
\l_MT_below_shortintertext_sep=\dimen120
)
(/usr/share/texlive/texmf-dist/tex/latex/graphics/graphicx.sty
Package: graphicx 1999/02/16 v1.0f Enhanced LaTeX Graphics (DPC,SPQR)

(/usr/share/texlive/texmf-dist/tex/latex/graphics/graphics.sty
Package: graphics 2009/02/05 v1.0o Standard LaTeX Graphics (DPC,SPQR)

(/usr/share/texlive/texmf-dist/tex/latex/graphics/trig.sty
Package: trig 1999/03/16 v1.09 sin cos tan (DPC)
)
(/usr/share/texlive/texmf-dist/tex/latex/latexconfig/graphics.cfg
File: graphics.cfg 2010/04/23 v1.9 graphics configuration of TeX Live
)
Package graphics Info: Driver file: pdftex.def on input line 91.

(/usr/share/texlive/texmf-dist/tex/latex/pdftex-def/pdftex.def
File: pdftex.def 2011/05/27 v0.06d Graphics/color for pdfTeX

(/usr/share/texlive/texmf-dist/tex/generic/oberdiek/infwarerr.sty
Package: infwarerr 2010/04/08 v1.3 Providing info/warning/error messages (HO)
)
(/usr/share/texlive/texmf-dist/tex/generic/oberdiek/ltxcmds.sty
Package: ltxcmds 2011/11/09 v1.22 LaTeX kernel commands for general use (HO)
)
\Gread@gobject=\count103
))
\Gin@req@height=\dimen121
\Gin@req@width=\dimen122
)
(/usr/share/texlive/texmf-dist/tex/latex/url/url.sty
\Urlmuskip=\muskip11
Package: url 2006/04/12  ver 3.3  Verb mode for urls, etc.
) (./report.aux)
\openout1 = `report.aux'.

LaTeX Font Info:    Checking defaults for OML/cmm/m/it on input line 10.
LaTeX Font Info:    ... okay on input line 10.
LaTeX Font Info:    Checking defaults for T1/cmr/m/n on input line 10.
LaTeX Font Info:    ... okay on input line 10.
LaTeX Font Info:    Checking defaults for OT1/cmr/m/n on input line 10.
LaTeX Font Info:    ... okay on input line 10.
LaTeX Font Info:    Checking defaults for OMS/cmsy/m/n on input line 10.
LaTeX Font Info:    ... okay on input line 10.
LaTeX Font Info:    Checking defaults for OMX/cmex/m/n on input line 10.
LaTeX Font Info:    ... okay on input line 10.
LaTeX Font Info:    Checking defaults for U/cmr/m/n on input line 10.
LaTeX Font Info:    ... okay on input line 10.

(/usr/share/texlive/texmf-dist/tex/context/base/supp-pdf.mkii
[Loading MPS to PDF converter (version 2006.09.02).]
\scratchcounter=\count104
\scratchdimen=\dimen123
\scratchbox=\box28
\nofMPsegments=\count105
\nofMParguments=\count106
\everyMPshowfont=\toks27
\MPscratchCnt=\count107
\MPscratchDim=\dimen124
\MPnumerator=\count108
\makeMPintoPDFobject=\count109
\everyMPtoPDFconversion=\toks28
) (/usr/share/texlive/texmf-dist/tex/generic/oberdiek/pdftexcmds.sty
Package: pdftexcmds 2011/11/29 v0.20 Utility functions of pdfTeX for LuaTeX (HO
)

(/usr/share/texlive/texmf-dist/tex/generic/oberdiek/ifluatex.sty
Package: ifluatex 2010/03/01 v1.3 Provides the ifluatex switch (HO)
Package ifluatex Info: LuaTeX not detected.
)
(/usr/share/texlive/texmf-dist/tex/generic/oberdiek/ifpdf.sty
Package: ifpdf 2011/01/30 v2.3 Provides the ifpdf switch (HO)
Package ifpdf Info: pdfTeX in PDF mode is detected.
)
Package pdftexcmds Info: LuaTeX not detected.
Package pdftexcmds Info: \pdf@primitive is available.
Package pdftexcmds Info: \pdf@ifprimitive is available.
Package pdftexcmds Info: \pdfdraftmode found.
)
(/usr/share/texlive/texmf-dist/tex/latex/oberdiek/epstopdf-base.sty
Package: epstopdf-base 2010/02/09 v2.5 Base part for package epstopdf

(/usr/share/texlive/texmf-dist/tex/latex/oberdiek/grfext.sty
Package: grfext 2010/08/19 v1.1 Manage graphics extensions (HO)

(/usr/share/texlive/texmf-dist/tex/generic/oberdiek/kvdefinekeys.sty
Package: kvdefinekeys 2011/04/07 v1.3 Define keys (HO)
))
(/usr/share/texlive/texmf-dist/tex/latex/oberdiek/kvoptions.sty
Package: kvoptions 2011/06/30 v3.11 Key value format for package options (HO)

(/usr/share/texlive/texmf-dist/tex/generic/oberdiek/kvsetkeys.sty
Package: kvsetkeys 2012/04/25 v1.16 Key value parser (HO)

(/usr/share/texlive/texmf-dist/tex/generic/oberdiek/etexcmds.sty
Package: etexcmds 2011/02/16 v1.5 Avoid name clashes with e-TeX commands (HO)
Package etexcmds Info: Could not find \expanded.
(etexcmds)             That can mean that you are not using pdfTeX 1.50 or
(etexcmds)             that some package has redefined \expanded.
(etexcmds)             In the latter case, load this package earlier.
)))
Package grfext Info: Graphics extension search list:
(grfext)             [.png,.pdf,.jpg,.mps,.jpeg,.jbig2,.jb2,.PNG,.PDF,.JPG,.JPE
G,.JBIG2,.JB2,.eps]
(grfext)             \AppendGraphicsExtensions on input line 452.

(/usr/share/texlive/texmf-dist/tex/latex/latexconfig/epstopdf-sys.cfg
File: epstopdf-sys.cfg 2010/07/13 v1.3 Configuration of (r)epstopdf for TeX Liv
e
))
LaTeX Font Info:    Try loading font information for U+msa on input line 11.

(/usr/share/texlive/texmf-dist/tex/latex/amsfonts/umsa.fd
File: umsa.fd 2013/01/14 v3.01 AMS symbols A
)
LaTeX Font Info:    Try loading font information for U+msb on input line 11.

(/usr/share/texlive/texmf-dist/tex/latex/amsfonts/umsb.fd
File: umsb.fd 2013/01/14 v3.01 AMS symbols B
) [1

{/usr/share/texlive/texmf-dist/fonts/map/pdftex/updmap/pdftex.map}] [2] [3] [4]
 [5] [6]
(./report.bbl
Underfull \hbox (badness 10000) in paragraph at lines 15--21
\OT1/cmtt/m/n/10 Z39 . 88-[]2004&ctx _ enc = info % 3Aofi % 2Fenc % 3AUTF-[]8&r
fr _ id = info :
 []


Underfull \hbox (badness 10000) in paragraph at lines 15--21
\OT1/cmtt/m/n/10 sid / summon . serialssolutions . com&rft _ val _ fmt = info :
 ofi / fmt :
 []


Underfull \hbox (badness 10000) in paragraph at lines 15--21
\OT1/cmtt/m/n/10 kev : mtx : journal&rft . genre = article&rft . atitle = The +
 Use + of +
 []


Underfull \hbox (badness 10000) in paragraph at lines 15--21
\OT1/cmtt/m/n/10 Software + Science + in + Evaluating + Modularity + Concepts&r
ft . jtitle =
 []


Underfull \hbox (badness 10000) in paragraph at lines 15--21
\OT1/cmtt/m/n/10 IEEE + Transactions + on + Software + Engineering&rft . au = B
aker % 2C + A .
 []


Underfull \hbox (badness 10000) in paragraph at lines 15--21
\OT1/cmtt/m/n/10 L&rft . au = Zweben % 2C + S . H&rft . date = 1979&rft . pub =
 IEEE&rft . issn =
 []


Underfull \hbox (badness 10000) in paragraph at lines 15--21
\OT1/cmtt/m/n/10 0098-[]5589&rft . volume = SE-[]5&rft . issue = 2&rft . spage 
= 110&rft .
 []


Underfull \hbox (badness 10000) in paragraph at lines 15--21
\OT1/cmtt/m/n/10 epage = 120&rft _ id = info : doi / 10 . 1109 % 2FTSE . 1979 .
 234167&rft .
 []


Underfull \hbox (badness 10000) in paragraph at lines 23--28
\OT1/cmtt/m/n/10 ver = Z39 . 88-[]2004&ctx _ enc = info % 3Aofi % 2Fenc % 3AUTF
-[]8&rfr _ id = info :
 []


Underfull \hbox (badness 10000) in paragraph at lines 23--28
\OT1/cmtt/m/n/10 sid / summon . serialssolutions . com&rft _ val _ fmt = info :
 ofi / fmt : kev :
 []


Underfull \hbox (badness 10000) in paragraph at lines 23--28
\OT1/cmtt/m/n/10 mtx : journal&rft . genre = article&rft . atitle = No + Silver
 + Bullet +
 []


Underfull \hbox (badness 10000) in paragraph at lines 23--28
\OT1/cmtt/m/n/10 Essence + and + Accidents + of + Software + Engineering&rft . 
jtitle =
 []


Underfull \hbox (badness 10000) in paragraph at lines 23--28
\OT1/cmtt/m/n/10 Computer&rft . au = Brooks&rft . date = 1987&rft . pub = IEEE&
rft . issn =
 []


Underfull \hbox (badness 10000) in paragraph at lines 23--28
\OT1/cmtt/m/n/10 0018-[]9162&rft . eissn = 1558-[]0814&rft . volume = 20&rft . 
issue = 4&rft .
 []


Underfull \hbox (badness 10000) in paragraph at lines 23--28
\OT1/cmtt/m/n/10 spage = 10&rft . epage = 19&rft _ id = info : doi / 10 . 1109 
% 2FMC . 1987 .
 []


Underfull \hbox (badness 10000) in paragraph at lines 36--41
\OT1/cmtt/m/n/10 Z39 . 88-[]2004&ctx _ enc = info % 3Aofi % 2Fenc % 3AUTF-[]8&r
fr _ id = info :
 []


Underfull \hbox (badness 10000) in paragraph at lines 36--41
\OT1/cmtt/m/n/10 sid / summon . serialssolutions . com&rft _ val _ fmt = info :
 ofi / fmt :
 []


Underfull \hbox (badness 10000) in paragraph at lines 36--41
\OT1/cmtt/m/n/10 kev : mtx : book&rft . genre = proceeding&rft . title = 2009 +
 16th +
 []


Underfull \hbox (badness 10000) in paragraph at lines 36--41
\OT1/cmtt/m/n/10 Working + Conference + on + Reverse + Engineering&rft . atitle
 = The +
 []


Underfull \hbox (badness 10000) in paragraph at lines 36--41
\OT1/cmtt/m/n/10 Logical + Modularity + of + Programs&rft . au = Ratiu % 2C + D
&rft . au =
 []


Underfull \hbox (badness 10000) in paragraph at lines 36--41
\OT1/cmtt/m/n/10 Marinescu % 2C + R&rft . au = Jurjens % 2C + J&rft . date = 20
09-[]01-[]01&rft .
 []


Underfull \hbox (badness 10000) in paragraph at lines 36--41
\OT1/cmtt/m/n/10 isbn = 0769538673&rft . issn = 1095-[]1350&rft . spage = 123&r
ft . epage =
 []


Underfull \hbox (badness 10000) in paragraph at lines 36--41
\OT1/cmtt/m/n/10 127&rft _ id = info : doi / 10 . 1109 % 2FWCRE . 2009 . 29&rft
 . externalDocID =
 []


Underfull \hbox (badness 5548) in paragraph at lines 43--48
\OT1/cmr/m/it/10 COM-PUTER JOUR-NAL\OT1/cmr/m/n/10 , 33(2):140--146, 1990.  $\O
T1/cmtt/m/n/10 http : / / gateway .
 []


Underfull \hbox (badness 10000) in paragraph at lines 43--48
\OT1/cmtt/m/n/10 webofknowledge . com / gateway / Gateway . cgi ? GWVersion = 2
 \ &SrcAuth =
 []


Underfull \hbox (badness 10000) in paragraph at lines 43--48
\OT1/cmtt/m/n/10 SerialsSolutions \ &SrcApp = Summon \ &KeyUT = A1990CZ98300007
 \
 []

[7]) [8] (./report.aux) ) 
Here is how much of TeX's memory you used:
 3076 strings out of 494999
 42348 string characters out of 6180801
 104830 words of memory out of 5000000
 6237 multiletter control sequences out of 15000+600000
 12624 words of font info for 49 fonts, out of 8000000 for 9000
 34 hyphenation exceptions out of 8191
 37i,6n,26p,600b,268s stack positions out of 5000i,500n,10000p,200000b,80000s
</usr/share/texlive/texmf-dist/fonts/type1/public/amsf
onts/cm/cmbx10.pfb></usr/share/texlive/texmf-dist/fonts/type1/public/amsfonts/c
m/cmbx12.pfb></usr/share/texlive/texmf-dist/fonts/type1/public/amsfonts/cm/cmbx
9.pfb></usr/share/texlive/texmf-dist/fonts/type1/public/amsfonts/cm/cmmi10.pfb>
</usr/share/texlive/texmf-dist/fonts/type1/public/amsfonts/cm/cmr10.pfb></usr/s
hare/texlive/texmf-dist/fonts/type1/public/amsfonts/cm/cmr12.pfb></usr/share/te
xlive/texmf-dist/fonts/type1/public/amsfonts/cm/cmr17.pfb></usr/share/texlive/t
exmf-dist/fonts/type1/public/amsfonts/cm/cmr7.pfb></usr/share/texlive/texmf-dis
t/fonts/type1/public/amsfonts/cm/cmr9.pfb></usr/share/texlive/texmf-dist/fonts/
type1/public/amsfonts/cm/cmti10.pfb></usr/share/texlive/texmf-dist/fonts/type1/
public/amsfonts/cm/cmtt10.pfb>
Output written on report.pdf (8 pages, 167589 bytes).
PDF statistics:
 75 PDF objects out of 1000 (max. 8388607)
 53 compressed objects within 1 object stream
 0 named destinations out of 1000 (max. 500000)
 1 words of extra memory for PDF output out of 10000 (max. 10000000)

